
AlarmIRP = ReplaceableObject(
    'ericsson_cm_3g."AlarmIRP"',
    """
        
    SELECT 
        "FileName",
        "varDateTime",
        "configData_dnPrefix",
        "SubNetwork_id",
        "ManagementNode_id",
        "IRPAgent_id",
        "AlarmIRP_id",
        "irpVersion"
    FROM
    ericsson_bulkcm."AlarmIRP"
    
    """
    )

BulkCmIRP = ReplaceableObject(
    'ericsson_cm_3g."BulkCmIRP"',
    """
        
    SELECT 
        "FileName",
        "varDateTime",
        "configData_dnPrefix",
        "SubNetwork_id",
        "ManagementNode_id",
        "IRPAgent_id",
        "BulkCmIRP_id",
        "irpVersion"
    FROM
    ericsson_bulkcm."BulkCmIRP"
    
    """
    )

ExternalGsmCell = ReplaceableObject(
    'ericsson_cm_3g."ExternalGsmCell"',
    """
        
SELECT 
t1."FileName",
t1."varDateTime",
t1."configData_dnPrefix",
t1."SubNetwork_id",
t1."ExternalGsmCell_id",
t1."mnc",
t1."mcc",
t1."lac",
t1."bcchFrequency",
t1."ncc",
t1."bcc",
t1."userLabel",
t1."cellIdentity",
t2."vsDataExternalGsmCell_id",
t2."dtmSupport",
t2."maxTxPowerUl",
t2."qRxLevMin",
t2."individualOffset",
t2."bandIndicator",
t2."parentSystem",
t2."mncLength",
t2."rac",
t2."rimCapable"
FROM
ericsson_bulkcm."ExternalGsmCell" t1
INNER JOIN ericsson_bulkcm."vsDataExternalGsmCell" t2
 ON t1."ExternalGsmCell_id" = t2."ExternalGsmCell_id" 
 AND t1."varDateTime" = t2."varDateTime" 
 AND t1."configData_dnPrefix" = t2."configData_dnPrefix" 
 AND t1."SubNetwork_id" = t2."SubNetwork_id" 
 AND t1."FileName" = t2."FileName" 

"""
)

ExternalUtranCell = ReplaceableObject(
    'ericsson_cm_3g."ExternalUtranCell"',
    """
        
SELECT 
t1."FileName",
t1."varDateTime",
t1."configData_dnPrefix",
t1."SubNetwork_id",
t1."ExternalUtranCell_id",
t1."rac",
t1."lac",
t1."primaryCpichPower",
t1."primaryScramblingCode",
t1."uarfcnDl",
t1."uarfcnUl",
t1."mnc",
t1."mcc",
t1."rncId",
t1."cId",
t1."userLabel",
t2."vsDataExternalUtranCell_id",
t2."individualOffset",
t2."maxTxPowerUl",
t2."qQualMin",
t2."qRxLevMin",
t2."agpsEnabled",
t2."cellCapability_hsdschSupport",
t2."cellCapability_edchSupport",
t2."cellCapability_edchTti2Support",
t2."cellCapability_enhancedL2Support",
t2."cellCapability_fdpchSupport",
t2."cellCapability_multiCarrierSupport",
t2."cellCapability_cpcSupport",
t2."cellCapability_qam64MimoSupport",
t2."transmissionScheme",
t2."parentSystem",
t2."mncLength",
t2."hsAqmCongCtrlSpiSupport",
t2."hsAqmCongCtrlSupport",
t2."srvccCapability",
t2."reportingRange1a",
t2."reportingRange1b",
t2."timeToTrigger1a",
t2."timeToTrigger1b",
t2."rimCapable",
t2."lbUtranCellOffloadCapacity",
t2."cellCapability"
FROM
ericsson_bulkcm."ExternalUtranCell" t1
INNER JOIN ericsson_bulkcm."vsDataExternalUtranCell" t2
 ON t1."ExternalUtranCell_id" = t2."ExternalUtranCell_id" 
 AND t1."configData_dnPrefix" = t2."configData_dnPrefix" 
 AND t1."SubNetwork_id" = t2."SubNetwork_id" 
 AND t1."FileName" = t2."FileName" 
 AND t1."varDateTime" = t2."varDateTime" 

"""
)

GsmRelation = ReplaceableObject(
    'ericsson_cm_3g."GsmRelation"',
    """
        
SELECT 
t1."FileName",
t1."varDateTime",
t1."configData_dnPrefix",
t1."SubNetwork_id",
t1."SubNetwork_2_id",
t1."MeContext_id",
t1."ManagedElement_id",
t1."RncFunction_id",
t1."UtranCell_id",
t1."GsmRelation_id",
t1."adjacentCell",
t2."vsDataGsmRelation_id",
t2."qOffset1sn",
t2."mobilityRelationType",
t2."selectionPriority"
FROM
ericsson_bulkcm."GsmRelation" t1
INNER JOIN ericsson_bulkcm."vsDataGsmRelation" t2
 ON t1."MeContext_id" = t2."MeContext_id" 
 AND t1."UtranCell_id" = t2."UtranCell_id" 
 AND t1."SubNetwork_id" = t2."SubNetwork_id" 
 AND t1."SubNetwork_2_id" = t2."SubNetwork_2_id" 
 AND t1."ManagedElement_id" = t2."ManagedElement_id" 
 AND t1."GsmRelation_id" = t2."GsmRelation_id" 
 AND t1."varDateTime" = t2."varDateTime" 
 AND t1."configData_dnPrefix" = t2."configData_dnPrefix" 
 AND t1."RncFunction_id" = t2."RncFunction_id" 
 AND t1."FileName" = t2."FileName" 

"""
)

IRPAgent = ReplaceableObject(
    'ericsson_cm_3g."IRPAgent"',
    """
        
    SELECT 
        "FileName",
        "varDateTime",
        "configData_dnPrefix",
        "SubNetwork_id",
        "ManagementNode_id",
        "IRPAgent_id",
        "systemDN"
    FROM
    ericsson_bulkcm."IRPAgent"
    
    """
    )

IubLink = ReplaceableObject(
    'ericsson_cm_3g."IubLink"',
    """
        
SELECT 
t1."FileName",
t1."varDateTime",
t1."configData_dnPrefix",
t1."SubNetwork_id",
t1."SubNetwork_2_id",
t1."MeContext_id",
t1."ManagedElement_id",
t1."RncFunction_id",
t1."IubLink_id",
t1."userLabel",
t1."iubLinkUtranCell",
t1."iubLinkNodeBFunction",
t2."vsDataIubLink_id",
t2."rbsId",
t2."dlHwAdm",
t2."ulHwAdm",
t2."rncModuleRef",
t2."userPlaneTransportOption_atm",
t2."userPlaneTransportOption_ipv4",
t2."controlPlaneTransportOption_atm",
t2."controlPlaneTransportOption_ipv4",
t2."userPlaneIpResourceRef",
t2."administrativeState",
t2."remoteCpIpAddress1",
t2."remoteCpIpAddress2",
t2."sctpRef",
t2."l2EstReqRetryTimeNbapC",
t2."l2EstReqRetryTimeNbapD",
t2."atmUserPlaneTermSubrackRef",
t2."cachedRemoteCpIpAddress1",
t2."cachedRemoteCpIpAddress2",
t2."userPlaneGbrAdmEnabled",
t2."userPlaneGbrAdmBandwidthDl",
t2."userPlaneGbrAdmBandwidthUl",
t2."userPlaneGbrAdmMarginDl",
t2."userPlaneGbrAdmMarginUl",
t2."softCongThreshGbrBwDl",
t2."softCongThreshGbrBwUl",
t2."spare",
t2."spareA",
t2."poolRedundancy",
t2."rncModulePreferredRef",
t2."rncModuleAllocWeight",
t2."linkType"
FROM
ericsson_bulkcm."IubLink" t1
INNER JOIN ericsson_bulkcm."vsDataIubLink" t2
 ON t1."MeContext_id" = t2."MeContext_id" 
 AND t1."SubNetwork_id" = t2."SubNetwork_id" 
 AND t1."SubNetwork_2_id" = t2."SubNetwork_2_id" 
 AND t1."ManagedElement_id" = t2."ManagedElement_id" 
 AND t1."FileName" = t2."FileName" 
 AND t1."varDateTime" = t2."varDateTime" 
 AND t1."configData_dnPrefix" = t2."configData_dnPrefix" 
 AND t1."RncFunction_id" = t2."RncFunction_id" 
 AND t1."IubLink_id" = t2."IubLink_id" 

"""
)

ManagedElement = ReplaceableObject(
    'ericsson_cm_3g."ManagedElement"',
    """
        
SELECT 
t1."FileName",
t1."varDateTime",
t1."configData_dnPrefix",
t1."SubNetwork_id",
t1."SubNetwork_2_id",
t1."MeContext_id",
t1."ManagedElement_id",
t1."locationName",
t1."userDefinedState",
t1."vendorName",
t1."userLabel",
t1."managedElementType",
t1."swVersion",
t1."managedBy",
t1."dnPrefix",
t1."sourceType",
t1."release",
t1."siteRef",
t2."vsDataManagedElement_id",
t2."productType",
t2."productName",
t2."productNumber",
t2."productRevision",
t2."prodDesignation",
t2."logicalName",
t2."autoRestartRbs",
t2."generateAlarm",
t2."initCollectTraces",
t2."mirrorRelease",
t2."siteLocation",
t2."timeZone",
t2."dateTimeOffset",
t2."localDateTime"
FROM
ericsson_bulkcm."ManagedElement" t1
INNER JOIN ericsson_bulkcm."vsDataManagedElement" t2
 ON t1."MeContext_id" = t2."MeContext_id" 
 AND t1."SubNetwork_id" = t2."SubNetwork_id" 
 AND t1."SubNetwork_2_id" = t2."SubNetwork_2_id" 
 AND t1."ManagedElement_id" = t2."ManagedElement_id" 
 AND t1."FileName" = t2."FileName" 
 AND t1."varDateTime" = t2."varDateTime" 
 AND t1."configData_dnPrefix" = t2."configData_dnPrefix" 

"""
)

ManagementNode = ReplaceableObject(
    'ericsson_cm_3g."ManagementNode"',
    """
        
    SELECT 
        "FileName",
        "varDateTime",
        "configData_dnPrefix",
        "SubNetwork_id",
        "ManagementNode_id",
        "manages",
        "userDefinedState",
        "locationName",
        "userLabel",
        "swVersion",
        "vendorName"
    FROM
    ericsson_bulkcm."ManagementNode"
    
    """
    )

MeContext = ReplaceableObject(
    'ericsson_cm_3g."MeContext"',
    """
        
SELECT 
t1."FileName",
t1."varDateTime",
t1."configData_dnPrefix",
t1."SubNetwork_id",
t1."SubNetwork_2_id",
t1."MeContext_id",
t1."dnPrefix",
t1."userLabel",
t1."ipAddress",
t1."segmentName",
t1."mimSwitchPolicy",
t1."neMIMversion",
t1."compatibilityOfMIMs",
t1."connectionStatus",
t1."mirrorMIBsynchStatus",
t1."mirrorMIBupdateStatus",
t1."generationCounter",
t1."neMIMName",
t1."neType",
t1."neCreationComplete",
t1."restartWarning",
t1."rollbackMirrorMIBname",
t1."neSecurityStatus",
t1."bcrLastChange",
t1."bctLastChange",
t1."telisLastChange",
t1."lostSynchronisation",
t1."nodeStartTime",
t1."pendingRestart",
t1."rbsGroupRef",
t2."vsDataMeContext_id",
t2."multiStandardRbs6k",
t2."mixedModeRadio",
t2."mirrorMIBversion",
t2."stnNodes",
t2."associatedNodes",
t2."associatedRadioNodes",
t2."associatedPicoNodes",
t2."rbsIubId",
t2."notificationsSupported",
t2."upgradeMethodCapability",
t2."createUpgradePackageCapability",
t2."lastProcessedEventTime",
t2."associatedRnc"
FROM
ericsson_bulkcm."MeContext" t1
INNER JOIN ericsson_bulkcm."vsDataMeContext" t2
 ON t1."MeContext_id" = t2."MeContext_id" 
 AND t1."SubNetwork_id" = t2."SubNetwork_id" 
 AND t1."SubNetwork_2_id" = t2."SubNetwork_2_id" 
 AND t1."FileName" = t2."FileName" 
 AND t1."configData_dnPrefix" = t2."configData_dnPrefix" 
 AND t1."varDateTime" = t2."varDateTime" 

"""
)

NodeBFunction = ReplaceableObject(
    'ericsson_cm_3g."NodeBFunction"',
    """
        
SELECT 
t1."FileName",
t1."varDateTime",
t1."configData_dnPrefix",
t1."SubNetwork_id",
t1."SubNetwork_2_id",
t1."MeContext_id",
t1."ManagedElement_id",
t1."NodeBFunction_id",
t1."nodeBFunctionIubLink",
t1."userLabel",
t1."nodeSCProfileID",
t1."eulNoReschUsers",
t1."eulTargetRate",
t1."eulMaxShoRate",
t1."eulSchedulingWeight",
t1."eulNonServHwRate",
t1."eulLowRate",
t1."eulMaxAllowedSchRate",
t2."vsDataNodeBFunction_id",
t2."toaeDch",
t2."branchDiffAbsTime",
t2."toaeCch",
t2."branchDiffMeasTime",
t2."steeredHsAllocation",
t2."ulLicFractBbPool2",
t2."dlLicFractBbPool2",
t2."iafAnrState",
t2."nbapDscp",
t2."analogUlAlignIsActive",
t2."sharedEquipmentController",
t2."featureStateStandardizedTma",
t2."featureStateStandardizedRet",
t2."featureStateDualStackIub",
t2."featureStateEul2msTti",
t2."featureStateDlPowerControlEul",
t2."featureStateGrake",
t2."featureStateMbmsIubEfficiency",
t2."featureState16Qam",
t2."featureState64Qam",
t2."featureStateHsdpaFlexibleScheduler",
t2."featureStateHsdpaImprovedLinkAdaptation",
t2."featureStateRetCascading",
t2."availableRbsChannelElementsDownlink",
t2."availableRbsChannelElementsUplink",
t2."licenseCapacityRbsChannelElementsDownlink",
t2."licenseCapacityRbsChannelElementsUplink",
t2."featureStateEulForLargeRbsConfig",
t2."featureStateIncrNumHsCodes",
t2."eul2msFirstSchedStep",
t2."featureStatePerHarqProcessGrant",
t2."featureStateDualTmaSupport",
t2."featureStateHsdpaMinBitRate",
t2."eulDchMaxAllowedSchRate",
t2."featureStateAbsoluteTimeSynch",
t2."featureStateMixedMode",
t2."featureStateHsdpaRbrQosProfiling",
t2."featureStateInterferenceSuppression",
t2."featureStatePsiCoverage",
t2."eulInactivityHighRateTime",
t2."eulInactivityLowRateTime",
t2."featureStateCeCapEul",
t2."featureStateHsAqmCongCtrl",
t2."featureStateRbsMpLoadSharing",
t2."licenseCapacityChannelElementDl",
t2."licenseCapacityChannelElementUl",
t2."spare",
t2."featureStateUlFcc",
t2."eulFachInitialRate",
t2."featureStateIntSuppEul10ms",
t2."technicianPresent",
t2."eulLowUsageTime",
t2."featureStateCeExtForEul",
t2."featureStateIncreasedHsCodeCap",
t2."alarmSuppressed",
t2."featureStateHsdpaMcInterDuSched",
t2."hsdpaMcInterDuSchedCapability",
t2."featureStateCombinedCell",
t2."featureStateImprovedDAgc",
t2."eulMaxTotalProtectedRate",
t2."licenseStateHsOlpc",
t2."featureStateIntSuppAllBearers",
t2."eulFachMaxDynAllocation",
t2."eulFachMinAllocation",
t2."featureStateCeEfficiencyEul",
t2."featureStateIncreasedCellCarrierSupport",
t2."ulLicFractBbPool",
t2."dlLicFractBbPool",
t2."featureStateUlCoMpReception",
t2."ulCoMpCapability",
t2."antennaDeviceScanStatus",
t2."featureStateEulLowLatencyPresched",
t2."stnNodes",
t2."release",
t2."dualBandSectorGroup1",
t2."dualBandSectorGroup2",
t2."dualBandSectorGroup3",
t2."dualBandSectorGroup4",
t2."dualBandSectorGroup5",
t2."dualBandSectorGroup6",
t2."featureStateMultiSectorPerRadio",
t2."featureStateUlSpectrumAnalyzer",
t2."nonEqPwrCommonPrecoderState"
FROM
ericsson_bulkcm."NodeBFunction" t1
INNER JOIN ericsson_bulkcm."vsDataNodeBFunction" t2
 ON t1."MeContext_id" = t2."MeContext_id" 
 AND t1."SubNetwork_id" = t2."SubNetwork_id" 
 AND t1."SubNetwork_2_id" = t2."SubNetwork_2_id" 
 AND t1."ManagedElement_id" = t2."ManagedElement_id" 
 AND t1."varDateTime" = t2."varDateTime" 
 AND t1."configData_dnPrefix" = t2."configData_dnPrefix" 
 AND t1."NodeBFunction_id" = t2."NodeBFunction_id" 
 AND t1."FileName" = t2."FileName" 

"""
)

NotificationIRP = ReplaceableObject(
    'ericsson_cm_3g."NotificationIRP"',
    """
        
    SELECT 
        "FileName",
        "varDateTime",
        "configData_dnPrefix",
        "SubNetwork_id",
        "ManagementNode_id",
        "IRPAgent_id",
        "NotificationIRP_id",
        "irpVersion"
    FROM
    ericsson_bulkcm."NotificationIRP"
    
    """
    )

RncFunction = ReplaceableObject(
    'ericsson_cm_3g."RncFunction"',
    """
        
SELECT 
t1."FileName",
t1."varDateTime",
t1."configData_dnPrefix",
t1."SubNetwork_id",
t1."SubNetwork_2_id",
t1."MeContext_id",
t1."ManagedElement_id",
t1."RncFunction_id",
t1."userLabel",
t1."mcc",
t1."mnc",
t1."rncId",
t2."vsDataRncFunction_id",
t2."mncLength",
t2."emergencyCallRedirect",
t2."loadSharingDirRetryEnabled",
t2."hsCellChangeAllowed",
t2."hsOnlyBestCell",
t2."aliasPlmnIdentities_mcc",
t2."aliasPlmnIdentities_mnc",
t2."ctrFileSize",
t2."gpehDataLevel",
t2."gpehFileSize",
t2."loadSharingRrcEnabled",
t2."uetrFileSize",
t2."networkResourceIdentifierLengthCs",
t2."networkResourceIdentifierLengthPs",
t2."hsToDchTrigger_servHsChangeInterRnc",
t2."hsToDchTrigger_servHsChangeIntraRnc",
t2."hsToDchTrigger_changeOfBestCellIntraRnc",
t2."hsToDchTrigger_poorQualityDetected",
t2."hsToDchTrigger_changeOfBestCellInterRnc",
t2."ecLocationAttemptUmts",
t2."ecCnSbhoRequestIgnore",
t2."ecCnPriorityLevel",
t2."ecSbhoTimer",
t2."primaryCnOperatorRef",
t2."highPrioScanReserve",
t2."maxPowerOverloadHystTime",
t2."nbapDscp",
t2."mocnExternalNriMatching",
t2."maxAllowedGbrDlPsStream",
t2."nbapAuditInterval",
t2."pcapPositioningMode",
t2."iuSccpConRateMeasPeriod",
t2."iuSccpConRateThresh",
t2."intraNodeIpResourceRef",
t2."initialIuAccessRateMax",
t2."evolvedHsUePrioEnabled",
t2."evolvedHsUePrioLevel",
t2."evolvedHsUePrioLoadThresh",
t2."cyclicAcb_acbEnabled",
t2."cyclicAcb_rotationGroupSize",
t2."cyclicAcbCs_acbEnabled",
t2."cyclicAcbCs_rotationGroupSize",
t2."cyclicAcbPs_acbEnabled",
t2."cyclicAcbPs_rotationGroupSize",
t2."cyclicAcbRotationTime",
t2."spare",
t2."ctchAdmCtrl",
t2."hsFachEnabled",
t2."fastDormancyMethod",
t2."enhUeDrxEnabled",
t2."amrNbMmMrUlTfcRepeat",
t2."cbsFirstMsgDelayMargin",
t2."rimUtraSiRetries",
t2."rimUtraSiTimeout",
t2."rncType",
t2."spareA",
t2."spareB",
t2."spareC",
t2."eulFachEnabled",
t2."robustRwrEutraEnabled",
t2."offloadDedicPrioEutraTime",
t2."offloadDedicPrioEutraEnabled",
t2."mocnDedicPrioEutraEnabled",
t2."eulUsersAdmEulHsCcEnabled",
t2."nwInitCallReestTime",
t2."csPriorityRabSetupTime",
t2."aliasPlmnIdentities"
FROM
ericsson_bulkcm."RncFunction" t1
INNER JOIN ericsson_bulkcm."vsDataRncFunction" t2
 ON t1."MeContext_id" = t2."MeContext_id" 
 AND t1."SubNetwork_id" = t2."SubNetwork_id" 
 AND t1."SubNetwork_2_id" = t2."SubNetwork_2_id" 
 AND t1."ManagedElement_id" = t2."ManagedElement_id" 
 AND t1."FileName" = t2."FileName" 
 AND t1."varDateTime" = t2."varDateTime" 
 AND t1."configData_dnPrefix" = t2."configData_dnPrefix" 
 AND t1."RncFunction_id" = t2."RncFunction_id" 

"""
)

SubNetwork = ReplaceableObject(
    'ericsson_cm_3g."SubNetwork"',
    """
        
    SELECT 
        "FileName",
        "varDateTime",
        "configData_dnPrefix",
        "SubNetwork_id"
    FROM
    ericsson_bulkcm."SubNetwork"
    
    """
    )

SubNetwork_2 = ReplaceableObject(
    'ericsson_cm_3g."SubNetwork_2"',
    """
        
    SELECT 
        "FileName",
        "varDateTime",
        "configData_dnPrefix",
        "SubNetwork_id",
        "SubNetwork_2_id",
        "userDefinedNetworkType",
        "userLabel"
    FROM
    ericsson_bulkcm."SubNetwork_2"
    
    """
    )

UtranCell = ReplaceableObject(
    'ericsson_cm_3g."UtranCell"',
    """
        
SELECT 
t1."FileName",
t1."varDateTime",
t1."configData_dnPrefix",
t1."SubNetwork_id",
t1."SubNetwork_2_id",
t1."MeContext_id",
t1."ManagedElement_id",
t1."RncFunction_id",
t1."UtranCell_id",
t1."localCellId",
t1."uarfcnUl",
t1."uarfcnDl",
t1."primaryScramblingCode",
t1."primaryCpichPower",
t1."maximumTransmissionPower",
t1."primarySchPower",
t1."cId",
t1."userLabel",
t1."secondarySchPower",
t1."bchPower",
t1."lac",
t1."rac",
t1."sac",
t1."utranCellIubLink",
t1."uraList",
t1."creationTime",
t2."vsDataUtranCell_id",
t2."lbUtranCellOffloadCapacity",
t2."tCell",
t2."cellReserved",
t2."anrBlackList",
t2."treSelection",
t2."qualMeasQuantity",
t2."qHyst1",
t2."qHyst2",
t2."qQualMin",
t2."qRxLevMin",
t2."individualOffset",
t2."pwrAdm",
t2."pwrOffset",
t2."pwrHyst",
t2."tmCongAction",
t2."releaseAseDl",
t2."aseDlAdm",
t2."dlCodeAdm",
t2."aseUlAdm",
t2."sf8Adm",
t2."sf32Adm",
t2."minPwrRl",
t2."maxRate",
t2."interRate",
t2."minimumRate",
t2."maxPwrMax",
t2."interPwrMax",
t2."minPwrMax",
t2."compModeAdm",
t2."iFHyst",
t2."iFCong",
t2."interFreqFddMeasIndicator",
t2."sRatSearch",
t2."sIntraSearch",
t2."sInterSearch",
t2."fachMeasOccaCycLenCoeff",
t2."accessClassNBarred",
t2."utranCellPosition",
t2."maxTxPowerUl",
t2."reservedBy",
t2."sib1PlmnScopeValueTag",
t2."sf16Adm",
t2."hoType",
t2."usedFreqThresh2dEcno",
t2."usedFreqThresh2dRscp",
t2."administrativeState",
t2."loadSharingGsmThreshold",
t2."loadSharingGsmFraction",
t2."snDirectedRetryTarget",
t2."rlFailureT",
t2."nOutSyncInd",
t2."sf4AdmUl",
t2."hardIfhoCorr",
t2."hsdpaUsersAdm",
t2."loadSharingMargin",
t2."sHcsRat",
t2."sf16gAdm",
t2."releaseAseDlNg",
t2."tmCongActionNg",
t2."tmInitialG",
t2."sf16AdmUl",
t2."sf8AdmUl",
t2."sf8gAdmUl",
t2."iubLinkRef",
t2."eulNonServingCellUsersAdm",
t2."eulServingCellUsersAdm",
t2."agpsEnabled",
t2."codeLoadThresholdDlSf128",
t2."pwrLoadThresholdDlSpeech_amr12200",
t2."pwrLoadThresholdDlSpeech_amr7950",
t2."pwrLoadThresholdDlSpeech_amr5900",
t2."pwrLoadThresholdDlSpeech_amrWb8850",
t2."pwrLoadThresholdDlSpeech_amrWb12650",
t2."aseLoadThresholdUlSpeech_amr12200",
t2."aseLoadThresholdUlSpeech_amr7950",
t2."aseLoadThresholdUlSpeech_amr5900",
t2."aseLoadThresholdUlSpeech_amrWb8850",
t2."aseLoadThresholdUlSpeech_amrWb12650",
t2."accessClassesBarredCs",
t2."accessClassesBarredPs",
t2."rateSelectionPsInteractive_channelType",
t2."rateSelectionPsInteractive_ulPrefRate",
t2."rateSelectionPsInteractive_dlPrefRate",
t2."hcsUsage_idleMode",
t2."hcsUsage_connectedMode",
t2."hcsSib3Config_hcsPrio",
t2."hcsSib3Config_qHcs",
t2."hcsSib3Config_sSearchHcs",
t2."amrWbRateUlMax",
t2."amrWbRateDlMax",
t2."antennaPosition_latitudeSign",
t2."antennaPosition_latitude",
t2."antennaPosition_longitude",
t2."mocnCellProfileRef",
t2."standAloneSrbSelector",
t2."amrNbSelector",
t2."eulServingCellUsersAdmTti2",
t2."cellBroadcastSac",
t2."ctchOccasionPeriod",
t2."transmissionScheme",
t2."loadBasedHoSupport",
t2."useId",
t2."cbsSchedulePeriodLength",
t2."fdpchSupport",
t2."ganHoEnabled",
t2."loadBasedHoType",
t2."serviceRestrictions_csVideoCalls",
t2."hsIflsThreshUsers",
t2."hsIflsMarginUsers",
t2."dchIflsThreshPower",
t2."dchIflsThreshCode",
t2."dchIflsMarginPower",
t2."dchIflsMarginCode",
t2."pathlossThreshold",
t2."iflsMode",
t2."cpcSupport",
t2."absPrioCellRes_cellReselectionPriority",
t2."absPrioCellRes_sPrioritySearch1",
t2."absPrioCellRes_sPrioritySearch2",
t2."absPrioCellRes_threshServingLow",
t2."absPrioCellRes_measIndFach",
t2."spare",
t2."secondaryCpichPower",
t2."ctchAdmMargin",
t2."rrcLcEnabled",
t2."mixedModeRadio",
t2."sf128Adm",
t2."sf64AdmUl",
t2."admBlockRedirection_gsmRrc",
t2."admBlockRedirection_rrc",
t2."admBlockRedirection_speech",
t2."dmcrEnabled",
t2."hsIflsHighLoadThresh",
t2."hsIflsSpeechMultiRabTrigg",
t2."cyclicAcb_acbEnabled",
t2."cyclicAcb_rotationGroupSize",
t2."cyclicAcbCs_acbEnabled",
t2."cyclicAcbCs_rotationGroupSize",
t2."cyclicAcbPs_acbEnabled",
t2."cyclicAcbPs_rotationGroupSize",
t2."releaseRedirect",
t2."releaseRedirectEutraTriggers_csFallbackCsRelease",
t2."releaseRedirectEutraTriggers_csFallbackDchToFach",
t2."releaseRedirectEutraTriggers_dchToFach",
t2."releaseRedirectEutraTriggers_fachToUra",
t2."releaseRedirectEutraTriggers_fastDormancy",
t2."releaseRedirectEutraTriggers_normalRelease",
t2."spareA",
t2."srbAdmExempt",
t2."reportingRange1a",
t2."reportingRange1b",
t2."timeToTrigger1a",
t2."timeToTrigger1b",
t2."downswitchTimer",
t2."hsdschInactivityTimer",
t2."hsdschInactivityTimerCpc",
t2."inactivityTimeMultiPsInteractive",
t2."inactivityTimer",
t2."inactivityTimerEnhUeDrx",
t2."inactivityTimerPch",
t2."redirectUarfcn",
t2."dnclEnabled",
t2."servDiffRrcAdmHighPrioProfile",
t2."anrIafUtranCellConfig_anrEnabled",
t2."anrIafUtranCellConfig_relationAddEnabled",
t2."dlCodeOffloadLimit",
t2."dlPowerOffloadLimit",
t2."hsdpaUsersOffloadLimit",
t2."hsIflsDownswitchTrigg_toFach",
t2."hsIflsDownswitchTrigg_toUra",
t2."hsIflsDownswitchTrigg_fastDormancy",
t2."hsIflsPowerLoadThresh",
t2."hsIflsRedirectLoadLimit",
t2."hsIflsTrigger_fromFach",
t2."hsIflsTrigger_fromUra",
t2."iflsCpichEcnoThresh",
t2."iflsRedirectUarfcn",
t2."releaseRedirectHsIfls",
t2."pagingPermAccessCtrl_locRegAcb",
t2."pagingPermAccessCtrl_locRegRestr",
t2."pagingPermAccessCtrl_pagingRespRestr",
t2."ueHsThpMeasSupport",
t2."updateLocator",
t2."autoAcbRcssrThresh",
t2."autoAcbRtwpThresh",
t2."autoAcbMinRcssrInput",
t2."autoAcbRcssrWeight",
t2."autoAcbMaxPsClassesToBar",
t2."autoAcbRtwpWeight",
t2."autoAcbEnabled",
t2."supportedCellType",
t2."rwrEutraCc",
t2."eulMcServingCellUsersAdmTti2",
t2."primaryTpsCell",
t2."tpsPowerLockState",
t2."tpsCellThresholds_tpsCellThreshEnabled",
t2."tpsCellThresholds_tpsLockThreshold",
t2."tpsCellThresholds_tpsUnlockThreshold",
t2."dlCodePowerCmEnabled",
t2."poolRedundancy",
t2."rachOverloadProtect",
t2."srvccCapability",
t2."rimCapable",
t2."ifIratHoPsIntHsEnabled",
t2."cellUpdateConfirmPsInitRepeat",
t2."cellUpdateConfirmCsInitRepeat"
FROM
ericsson_bulkcm."UtranCell" t1
INNER JOIN ericsson_bulkcm."vsDataUtranCell" t2
 ON t1."MeContext_id" = t2."MeContext_id" 
 AND t1."UtranCell_id" = t2."UtranCell_id" 
 AND t1."SubNetwork_id" = t2."SubNetwork_id" 
 AND t1."SubNetwork_2_id" = t2."SubNetwork_2_id" 
 AND t1."ManagedElement_id" = t2."ManagedElement_id" 
 AND t1."RncFunction_id" = t2."RncFunction_id" 
 AND t1."configData_dnPrefix" = t2."configData_dnPrefix" 
 AND t1."varDateTime" = t2."varDateTime" 
 AND t1."FileName" = t2."FileName" 

"""
)

UtranRelation = ReplaceableObject(
    'ericsson_cm_3g."UtranRelation"',
    """
        
SELECT 
t1."FileName",
t1."varDateTime",
t1."configData_dnPrefix",
t1."SubNetwork_id",
t1."SubNetwork_2_id",
t1."MeContext_id",
t1."ManagedElement_id",
t1."RncFunction_id",
t1."UtranCell_id",
t1."UtranRelation_id",
t1."adjacentCell",
t2."vsDataUtranRelation_id",
t2."qOffset1sn",
t2."qOffset2sn",
t2."loadSharingCandidate",
t2."selectionPriority",
t2."frequencyRelationType",
t2."nodeRelationType",
t2."hcsSib11Config_hcsPrio",
t2."hcsSib11Config_qHcs",
t2."hcsSib11Config_penaltyTime",
t2."hcsSib11Config_temporaryOffset1",
t2."hcsSib11Config_temporaryOffset2",
t2."mobilityRelationType",
t2."createdBy",
t2."creationTime"
FROM
ericsson_bulkcm."UtranRelation" t1
INNER JOIN ericsson_bulkcm."vsDataUtranRelation" t2
 ON t1."MeContext_id" = t2."MeContext_id" 
 AND t1."UtranCell_id" = t2."UtranCell_id" 
 AND t1."SubNetwork_id" = t2."SubNetwork_id" 
 AND t1."SubNetwork_2_id" = t2."SubNetwork_2_id" 
 AND t1."ManagedElement_id" = t2."ManagedElement_id" 
 AND t1."FileName" = t2."FileName" 
 AND t1."UtranRelation_id" = t2."UtranRelation_id" 
 AND t1."varDateTime" = t2."varDateTime" 
 AND t1."configData_dnPrefix" = t2."configData_dnPrefix" 
 AND t1."RncFunction_id" = t2."RncFunction_id" 

"""
)

Aal0TpVccTp = ReplaceableObject(
    'ericsson_cm_3g."Aal0TpVccTp"',
    """
        
    SELECT 
        "FileName",
        "varDateTime",
        "configData_dnPrefix",
        "SubNetwork_id",
        "SubNetwork_2_id",
        "MeContext_id",
        "ManagedElement_id",
        "vsDataTransportNetwork_id",
        "vsDataAal0TpVccTp_id",
        "alarmReport",
        "continuityCheck",
        "nomPmBlkSize",
        "processorId",
        "userLabel",
        "vclTpId",
        "counterMode"
    FROM
    ericsson_bulkcm."vsDataAal0TpVccTp"
    
    """
    )

Aal2Ap = ReplaceableObject(
    'ericsson_cm_3g."Aal2Ap"',
    """
        
    SELECT 
        "FileName",
        "varDateTime",
        "configData_dnPrefix",
        "SubNetwork_id",
        "SubNetwork_2_id",
        "MeContext_id",
        "ManagedElement_id",
        "vsDataTransportNetwork_id",
        "vsDataAal2Sp_id",
        "vsDataAal2Ap_id",
        "aal2QoSCodePointProfileId",
        "rpuId",
        "secondarySigLinkId",
        "sigLinkId",
        "timerErq",
        "timerRel",
        "userLabel",
        "allocationMode"
    FROM
    ericsson_bulkcm."vsDataAal2Ap"
    
    """
    )

Aal2PathDistributionUnit = ReplaceableObject(
    'ericsson_cm_3g."Aal2PathDistributionUnit"',
    """
        
    SELECT 
        "FileName",
        "varDateTime",
        "configData_dnPrefix",
        "SubNetwork_id",
        "SubNetwork_2_id",
        "MeContext_id",
        "ManagedElement_id",
        "vsDataTransportNetwork_id",
        "vsDataAal2Sp_id",
        "vsDataAal2Ap_id",
        "vsDataAal2PathDistributionUnit_id",
        "userLabel",
        "rpuId",
        "aal2PathVccTpList"
    FROM
    ericsson_bulkcm."vsDataAal2PathDistributionUnit"
    
    """
    )

Aal2PathVccTp = ReplaceableObject(
    'ericsson_cm_3g."Aal2PathVccTp"',
    """
        
    SELECT 
        "FileName",
        "varDateTime",
        "configData_dnPrefix",
        "SubNetwork_id",
        "SubNetwork_2_id",
        "MeContext_id",
        "ManagedElement_id",
        "vsDataTransportNetwork_id",
        "vsDataAal2PathVccTp_id",
        "aal2PathOwner",
        "alarmReport",
        "nomPmBlocksize",
        "timerCu",
        "userLabel",
        "administrativeState",
        "continuityCheck",
        "aal2PathId",
        "vclTpId",
        "aal2QoSAvailableProfiles",
        "aal2QoSProfileId",
        "counterMode",
        "counterActivation"
    FROM
    ericsson_bulkcm."vsDataAal2PathVccTp"
    
    """
    )

Aal2QosCodePointProfile = ReplaceableObject(
    'ericsson_cm_3g."Aal2QosCodePointProfile"',
    """
        
    SELECT 
        "FileName",
        "varDateTime",
        "configData_dnPrefix",
        "SubNetwork_id",
        "SubNetwork_2_id",
        "MeContext_id",
        "ManagedElement_id",
        "vsDataTransportNetwork_id",
        "vsDataAal2QosCodePointProfile_id",
        "userLabel",
        "qualityOfServiceCodePointA",
        "qualityOfServiceCodePointB",
        "qualityOfServiceCodePointC",
        "qualityOfServiceCodePointD"
    FROM
    ericsson_bulkcm."vsDataAal2QosCodePointProfile"
    
    """
    )

Aal2QosProfile = ReplaceableObject(
    'ericsson_cm_3g."Aal2QosProfile"',
    """
        
    SELECT 
        "FileName",
        "varDateTime",
        "configData_dnPrefix",
        "SubNetwork_id",
        "SubNetwork_2_id",
        "MeContext_id",
        "ManagedElement_id",
        "vsDataTransportNetwork_id",
        "vsDataAal2QosProfile_id",
        "profileClassA_boundOnProbOfDelay",
        "profileClassA_boundOnProbOfLoss",
        "profileClassA_boundOnNodeDelay",
        "profileClassB_boundOnProbOfDelay",
        "profileClassB_boundOnProbOfLoss",
        "profileClassB_boundOnNodeDelay",
        "profileClassC_boundOnProbOfDelay",
        "profileClassC_boundOnProbOfLoss",
        "profileClassC_boundOnNodeDelay",
        "profileClassD_boundOnProbOfDelay",
        "profileClassD_boundOnProbOfLoss",
        "profileClassD_boundOnNodeDelay",
        "userLabel"
    FROM
    ericsson_bulkcm."vsDataAal2QosProfile"
    
    """
    )

Aal2RoutingCase = ReplaceableObject(
    'ericsson_cm_3g."Aal2RoutingCase"',
    """
        
    SELECT 
        "FileName",
        "varDateTime",
        "configData_dnPrefix",
        "SubNetwork_id",
        "SubNetwork_2_id",
        "MeContext_id",
        "ManagedElement_id",
        "vsDataTransportNetwork_id",
        "vsDataAal2RoutingCase_id",
        "userLabel",
        "numberDirection",
        "routeList",
        "routePriorityList"
    FROM
    ericsson_bulkcm."vsDataAal2RoutingCase"
    
    """
    )

Aal2Sp = ReplaceableObject(
    'ericsson_cm_3g."Aal2Sp"',
    """
        
    SELECT 
        "FileName",
        "varDateTime",
        "configData_dnPrefix",
        "SubNetwork_id",
        "SubNetwork_2_id",
        "MeContext_id",
        "ManagedElement_id",
        "vsDataTransportNetwork_id",
        "vsDataAal2Sp_id",
        "a2ea",
        "userLabel",
        "afi"
    FROM
    ericsson_bulkcm."vsDataAal2Sp"
    
    """
    )

Aal5TpVccTp = ReplaceableObject(
    'ericsson_cm_3g."Aal5TpVccTp"',
    """
        
    SELECT 
        "FileName",
        "varDateTime",
        "configData_dnPrefix",
        "SubNetwork_id",
        "SubNetwork_2_id",
        "MeContext_id",
        "ManagedElement_id",
        "vsDataTransportNetwork_id",
        "vsDataAal5TpVccTp_id",
        "alarmReport",
        "continuityCheck",
        "fromUserMaxSduSize",
        "nomPmBlkSize",
        "processorId",
        "toUserMaxSduSize",
        "userLabel",
        "vclTpId",
        "counterMode",
        "counterActivation"
    FROM
    ericsson_bulkcm."vsDataAal5TpVccTp"
    
    """
    )

AccessControlList = ReplaceableObject(
    'ericsson_cm_3g."AccessControlList"',
    """
        
    SELECT 
        "FileName",
        "varDateTime",
        "configData_dnPrefix",
        "SubNetwork_id",
        "SubNetwork_2_id",
        "MeContext_id",
        "ManagedElement_id",
        "vsDataIpSystem_id",
        "vsDataAccessControlList_id",
        "aclEntries_localIpAddress",
        "aclEntries_remoteIpAddress",
        "aclEntries_localPortFiltering",
        "aclEntries_remotePortFiltering",
        "aclEntries_protocol",
        "aclEntries_aclAction",
        "aclEntries_localIpAddressMask",
        "aclEntries_localPort",
        "aclEntries_remoteIpAddressMask",
        "aclEntries_remotePort",
        "aclEntries_icmpType",
        "userLabel",
        "bypassNdpAndMld"
    FROM
    ericsson_bulkcm."vsDataAccessControlList"
    
    """
    )

AddressIPv4 = ReplaceableObject(
    'ericsson_cm_3g."AddressIPv4"',
    """
        
    SELECT 
        "FileName",
        "varDateTime",
        "configData_dnPrefix",
        "SubNetwork_id",
        "SubNetwork_2_id",
        "MeContext_id",
        "ManagedElement_id",
        "vsDataIpSystem_id",
        "vsDataIpRouter_id",
        "vsDataInterfaceIpv4_id",
        "vsDataAddressIpv4_id",
        "vsDataVrrpv3Interface_id",
        "address",
        "userLabel"
    FROM
    ericsson_bulkcm."vsDataAddressIPv4"
    
    """
    )

AdmissionControl = ReplaceableObject(
    'ericsson_cm_3g."AdmissionControl"',
    """
        
    SELECT 
        "FileName",
        "varDateTime",
        "configData_dnPrefix",
        "SubNetwork_id",
        "SubNetwork_2_id",
        "MeContext_id",
        "ManagedElement_id",
        "vsDataENodeBFunction_id",
        "vsDataAdmissionControl_id",
        "dlTransNwBandwidth",
        "ulTransNwBandwidth",
        "paArpOverride",
        "arpBasedPreEmptionState",
        "resourceReservationForPAState",
        "zzzTemporary1",
        "zzzTemporary2",
        "zzzTemporary3",
        "zzzTemporary4",
        "zzzTemporary5",
        "zzzTemporary6",
        "zzzTemporary7",
        "zzzTemp1",
        "zzzTemp2",
        "zzzTemp3",
        "zzzTemp4",
        "zzzTemp5",
        "zzzTemp6",
        "zzzTemp7",
        "zzzTemp8",
        "zzzTemp9",
        "zzzTemp10",
        "zzzTemp11",
        "zzzTemp12",
        "zzzTemp13",
        "zzzTemp14",
        "zzzTemp15",
        "zzzTemp16",
        "zzzTemp17",
        "zzzTemp18",
        "zzzTemp19",
        "zzzTemp20",
        "zzzTemp21",
        "dlMbmsGbrRatio",
        "resourceReservationForDifferentiation",
        "dlAdmOverloadThr",
        "admNrRbDifferentiationThr",
        "nrOfRbReservationsPerPaConn",
        "dlAdmDifferentiationThr",
        "ulAdmDifferentiationThr",
        "nrOfPaConnReservationsPerCell",
        "ulAdmOverloadThr",
        "admNrRrcDifferentiationThr",
        "admResourceMinQciPrio",
        "zzzTemporary22",
        "zzzTemporary25",
        "zzzTemporary26",
        "zzzTemporary23",
        "zzzTemporary24",
        "lbAtoThresholdLevel2",
        "lbAtoThresholdLevel1",
        "maxVolteUe",
        "maxReservedUe",
        "maxActiveUe"
    FROM
    ericsson_bulkcm."vsDataAdmissionControl"
    
    """
    )

AdvCellSup = ReplaceableObject(
    'ericsson_cm_3g."AdvCellSup"',
    """
        
    SELECT 
        "FileName",
        "varDateTime",
        "configData_dnPrefix",
        "SubNetwork_id",
        "SubNetwork_2_id",
        "MeContext_id",
        "ManagedElement_id",
        "vsDataSystemFunctions_id",
        "vsDataLicensing_id",
        "vsDataOptionalFeatures_id",
        "vsDataAdvCellSup_id",
        "featureStateAdvCellSup",
        "keyIdAdvCellSup",
        "licenseStateAdvCellSup",
        "serviceStateAdvCellSup"
    FROM
    ericsson_bulkcm."vsDataAdvCellSup"
    
    """
    )

AgpsPositioning = ReplaceableObject(
    'ericsson_cm_3g."AgpsPositioning"',
    """
        
    SELECT 
        "FileName",
        "varDateTime",
        "configData_dnPrefix",
        "SubNetwork_id",
        "SubNetwork_2_id",
        "MeContext_id",
        "ManagedElement_id",
        "RncFunction_id",
        "vsDataUePositioning_id",
        "vsDataAgpsPositioning_id",
        "altitudeDirection",
        "altitude",
        "uncertaintyAltitude",
        "confidence",
        "polygonRadiusFactor",
        "utranRnsPosition_latitudeSign",
        "utranRnsPosition_latitude",
        "utranRnsPosition_longitude",
        "utranRnsUncertaintyRadius",
        "utranRnsConfidence",
        "elevationThreshold",
        "posQualities_responseTimeTypical",
        "posQualities_accuracyCodeTypical",
        "posQualities_verticalAccuracyCodeTypical",
        "posQualities_confidenceEstimate"
    FROM
    ericsson_bulkcm."vsDataAgpsPositioning"
    
    """
    )

AiDevice = ReplaceableObject(
    'ericsson_cm_3g."AiDevice"',
    """
        
    SELECT 
        "FileName",
        "varDateTime",
        "configData_dnPrefix",
        "SubNetwork_id",
        "SubNetwork_2_id",
        "MeContext_id",
        "ManagedElement_id",
        "vsDataEquipment_id",
        "vsDataSectorAntenna_id",
        "vsDataAuxPlugInUnit_id",
        "vsDataRruDeviceGroup_id",
        "vsDataAiDeviceSet_id",
        "vsDataAiDevice_id",
        "vsDataRbsSubrack_id",
        "vsDataRbsSlot_id",
        "vsDataDeviceGroup_id",
        "administrativeState",
        "reservedBy",
        "userLabel"
    FROM
    ericsson_bulkcm."vsDataAiDevice"
    
    """
    )

AiDeviceSet = ReplaceableObject(
    'ericsson_cm_3g."AiDeviceSet"',
    """
        
    SELECT 
        "FileName",
        "varDateTime",
        "configData_dnPrefix",
        "SubNetwork_id",
        "SubNetwork_2_id",
        "MeContext_id",
        "ManagedElement_id",
        "vsDataEquipment_id",
        "vsDataSectorAntenna_id",
        "vsDataAuxPlugInUnit_id",
        "vsDataRruDeviceGroup_id",
        "vsDataAiDeviceSet_id",
        "vsDataRbsSubrack_id",
        "vsDataRbsSlot_id",
        "vsDataDeviceGroup_id",
        "userLabel"
    FROM
    ericsson_bulkcm."vsDataAiDeviceSet"
    
    """
    )

AirIfLoadGenerator = ReplaceableObject(
    'ericsson_cm_3g."AirIfLoadGenerator"',
    """
        
    SELECT 
        "FileName",
        "varDateTime",
        "configData_dnPrefix",
        "SubNetwork_id",
        "SubNetwork_2_id",
        "MeContext_id",
        "ManagedElement_id",
        "vsDataSystemFunctions_id",
        "vsDataLicensing_id",
        "vsDataOptionalFeatures_id",
        "vsDataAirIfLoadGenerator_id",
        "keyIdAilg",
        "featureStateAilg",
        "licenseStateAilg",
        "serviceStateAilg"
    FROM
    ericsson_bulkcm."vsDataAirIfLoadGenerator"
    
    """
    )

AirIfLoadProfile = ReplaceableObject(
    'ericsson_cm_3g."AirIfLoadProfile"',
    """
        
    SELECT 
        "FileName",
        "varDateTime",
        "configData_dnPrefix",
        "SubNetwork_id",
        "SubNetwork_2_id",
        "MeContext_id",
        "ManagedElement_id",
        "vsDataENodeBFunction_id",
        "vsDataAirIfLoadProfile_id",
        "ailgHighPrio",
        "ailgLowPrioModType",
        "dlPrbLoadLevel",
        "noOfOcngPrbSeries",
        "ocngPrbSerie_pdschModType",
        "ocngPrbSerie_prbFirst",
        "ocngPrbSerie_prbLast",
        "ocngPrbSerie_usedSubFrameNo",
        "trafficModelPrb_bufferStatus",
        "trafficModelPrb_noOfArtificialUsers",
        "trafficModelPrb_qciDistSinrHigh",
        "trafficModelPrb_qciDistSinrMedium",
        "trafficModelPrb_qciDistSinrLow",
        "trafficModelPrb_ulDlRatioPerQci",
        "trafficModelPrb_bitRatePerQci",
        "userLabel",
        "zzzTemporary1",
        "zzzTemporary2",
        "zzzTemporary3",
        "zzzTemporary4",
        "zzzTemporary5",
        "zzzTemporary6",
        "zzzTemporary7",
        "ailgChangePeriod",
        "ailgLoadType",
        "minLoadLevelPdcch",
        "zzzTemporary9",
        "zzzTemporary8"
    FROM
    ericsson_bulkcm."vsDataAirIfLoadProfile"
    
    """
    )

Aisgv2FwDownload = ReplaceableObject(
    'ericsson_cm_3g."Aisgv2FwDownload"',
    """
        
    SELECT 
        "FileName",
        "varDateTime",
        "configData_dnPrefix",
        "SubNetwork_id",
        "SubNetwork_2_id",
        "MeContext_id",
        "ManagedElement_id",
        "vsDataSystemFunctions_id",
        "vsDataLicensing_id",
        "vsDataOptionalFeatures_id",
        "vsDataAisgv2FwDownload_id",
        "keyIdAisgv2FwDownload",
        "featureStateAisgv2FwDownload",
        "licenseStateAisgv2FwDownload",
        "serviceStateAisgv2FwDownload"
    FROM
    ericsson_bulkcm."vsDataAisgv2FwDownload"
    
    """
    )

AlarmPort = ReplaceableObject(
    'ericsson_cm_3g."AlarmPort"',
    """
        
    SELECT 
        "FileName",
        "varDateTime",
        "configData_dnPrefix",
        "SubNetwork_id",
        "SubNetwork_2_id",
        "MeContext_id",
        "ManagedElement_id",
        "vsDataEquipment_id",
        "vsDataFieldReplaceableUnit_id",
        "vsDataAlarmPort_id",
        "availabilityStatus",
        "activeExternalAlarm",
        "normallyOpen",
        "alarmSlogan",
        "administrativeState",
        "perceivedSeverity",
        "operationalState",
        "userLabel"
    FROM
    ericsson_bulkcm."vsDataAlarmPort"
    
    """
    )

AmoFunction = ReplaceableObject(
    'ericsson_cm_3g."AmoFunction"',
    """
        
    SELECT 
        "FileName",
        "varDateTime",
        "configData_dnPrefix",
        "SubNetwork_id",
        "SubNetwork_2_id",
        "MeContext_id",
        "ManagedElement_id",
        "vsDataENodeBFunction_id",
        "vsDataAmoFunction_id",
        "amoAllowedInterVendor"
    FROM
    ericsson_bulkcm."vsDataAmoFunction"
    
    """
    )

Anr = ReplaceableObject(
    'ericsson_cm_3g."Anr"',
    """
        
    SELECT 
        "FileName",
        "varDateTime",
        "configData_dnPrefix",
        "SubNetwork_id",
        "SubNetwork_2_id",
        "MeContext_id",
        "ManagedElement_id",
        "RncFunction_id",
        "vsDataAnr_id",
        "vsDataSystemFunctions_id",
        "vsDataLicensing_id",
        "vsDataOptionalFeatures_id",
        "spare",
        "anrCellAddRelationMax",
        "anrPersistentStorageEnabled",
        "featureStateAnr",
        "keyIdAnr",
        "licenseStateAnr",
        "serviceStateAnr"
    FROM
    ericsson_bulkcm."vsDataAnr"
    
    """
    )

AnrFunction = ReplaceableObject(
    'ericsson_cm_3g."AnrFunction"',
    """
        
    SELECT 
        "FileName",
        "varDateTime",
        "configData_dnPrefix",
        "SubNetwork_id",
        "SubNetwork_2_id",
        "MeContext_id",
        "ManagedElement_id",
        "vsDataENodeBFunction_id",
        "vsDataAnrFunction_id",
        "removeNcellTime",
        "removeNenbTime",
        "removeNrelTime",
        "zzzTemporary1",
        "zzzTemporary2",
        "zzzTemporary3",
        "zzzTemporary4",
        "zzzTemporary5",
        "zzzTemporary6",
        "zzzTemporary7",
        "prioHoRate",
        "prioHoSuccRate",
        "prioTime",
        "maxNoPciReportsEvent",
        "maxTimeEventBasedPciConf",
        "cellRelHoAttRateThreshold",
        "zzzTemporary9",
        "zzzTemporary8",
        "zzzTemporary10",
        "zzzTemporary11",
        "zzzTemporary12",
        "probCellDetectMedHoSuccTime",
        "probCellDetectLowHoSuccTime",
        "problematicCellPolicy",
        "probCellDetectMedHoSuccThres",
        "probCellDetectLowHoSuccThres",
        "plmnWhiteListEnabled",
        "perEcgiMeasPlmnWhiteList",
        "maxNoPciReportsInact",
        "nrHoNeededToAddCellRelation"
    FROM
    ericsson_bulkcm."vsDataAnrFunction"
    
    """
    )

AnrFunctionCdma20001xRtt = ReplaceableObject(
    'ericsson_cm_3g."AnrFunctionCdma20001xRtt"',
    """
        
    SELECT 
        "FileName",
        "varDateTime",
        "configData_dnPrefix",
        "SubNetwork_id",
        "SubNetwork_2_id",
        "MeContext_id",
        "ManagedElement_id",
        "vsDataENodeBFunction_id",
        "vsDataAnrFunction_id",
        "vsDataAnrFunctionCdma20001xRtt_id",
        "excludeNid",
        "anrCdma20001xRttStatus",
        "cellAddThresholdDelta",
        "extendedCellRangeEnabled",
        "namingConvention"
    FROM
    ericsson_bulkcm."vsDataAnrFunctionCdma20001xRtt"
    
    """
    )

AnrFunctionEUtran = ReplaceableObject(
    'ericsson_cm_3g."AnrFunctionEUtran"',
    """
        
    SELECT 
        "FileName",
        "varDateTime",
        "configData_dnPrefix",
        "SubNetwork_id",
        "SubNetwork_2_id",
        "MeContext_id",
        "ManagedElement_id",
        "vsDataENodeBFunction_id",
        "vsDataAnrFunction_id",
        "vsDataAnrFunctionEUtran_id",
        "anrInterFreqState",
        "anrIntraFreqState",
        "anrUesEUtraIntraFDecr",
        "anrUesEUtraIntraFIncrHo",
        "anrUesEUtraIntraFMax",
        "anrUesEUtraIntraFMin",
        "anrUesThreshInterFDecr",
        "anrUesThreshInterFIncrAnr",
        "anrUesThreshInterFIncrHo",
        "anrUesThreshInterFMax",
        "anrUesThreshInterFMin",
        "cellAddRsrpThresholdEutran",
        "cellAddRsrqThresholdEutran",
        "hoAllowedEutranPolicy",
        "x2SetupPolicy",
        "anrUesEUtraIntraFIncrAnr",
        "lbCellOffloadCapacityPolicy",
        "anrEutranInterFMeasReportMin",
        "anrEutranInterFMeasReportIncr",
        "anrEutranInterFMeasReportMax",
        "anrEutranInterFMeasReportDecr",
        "anrIntraFreqStatus",
        "anrInterFreqStatus"
    FROM
    ericsson_bulkcm."vsDataAnrFunctionEUtran"
    
    """
    )

AnrFunctionGeran = ReplaceableObject(
    'ericsson_cm_3g."AnrFunctionGeran"',
    """
        
    SELECT 
        "FileName",
        "varDateTime",
        "configData_dnPrefix",
        "SubNetwork_id",
        "SubNetwork_2_id",
        "MeContext_id",
        "ManagedElement_id",
        "vsDataENodeBFunction_id",
        "vsDataAnrFunction_id",
        "vsDataAnrFunctionGeran_id",
        "anrStateGsm",
        "anrGeranMeasReportDecr",
        "anrGeranMeasReportIncr",
        "anrGeranMeasReportMax",
        "anrGeranMeasReportMin",
        "rimIntegrationEnabled",
        "anrGeranMeasReportRacIncr",
        "anrGeranRacMeasOn"
    FROM
    ericsson_bulkcm."vsDataAnrFunctionGeran"
    
    """
    )

AnrFunctionUtran = ReplaceableObject(
    'ericsson_cm_3g."AnrFunctionUtran"',
    """
        
    SELECT 
        "FileName",
        "varDateTime",
        "configData_dnPrefix",
        "SubNetwork_id",
        "SubNetwork_2_id",
        "MeContext_id",
        "ManagedElement_id",
        "vsDataENodeBFunction_id",
        "vsDataAnrFunction_id",
        "vsDataAnrFunctionUtran_id",
        "anrStateUtran",
        "anrUtranMeasReportDecr",
        "anrUtranMeasReportIncr",
        "anrUtranMeasReportMax",
        "anrUtranMeasReportMin",
        "anrUtranAcMeasOn",
        "anrUtranMeasReportAcIncr",
        "hoAllowedUtranPolicy",
        "rimIntegrationEnabled",
        "cellAddEcNoThresholdUtranDelta",
        "cellAddRscpThresholdUtranDelta",
        "srvccPolicy"
    FROM
    ericsson_bulkcm."vsDataAnrFunctionUtran"
    
    """
    )

AnrIafUtran = ReplaceableObject(
    'ericsson_cm_3g."AnrIafUtran"',
    """
        
    SELECT 
        "FileName",
        "varDateTime",
        "configData_dnPrefix",
        "SubNetwork_id",
        "SubNetwork_2_id",
        "MeContext_id",
        "ManagedElement_id",
        "RncFunction_id",
        "vsDataAnr_id",
        "vsDataAnrIafUtran_id",
        "anrEnabled",
        "anrDsReportFilterEnabled",
        "anrCandidateUpperThresh",
        "anrCandidateExpirePeriod",
        "anrCandidateLowerThresh",
        "anrAddRelationEnabled",
        "anrCandidateAbsPropThresh",
        "anrDsReportFilterRscp",
        "anrDsReportFilterEcno",
        "anrAttRatioBadCrs"
    FROM
    ericsson_bulkcm."vsDataAnrIafUtran"
    
    """
    )

AntennaBranch = ReplaceableObject(
    'ericsson_cm_3g."AntennaBranch"',
    """
        
    SELECT 
        "FileName",
        "varDateTime",
        "configData_dnPrefix",
        "SubNetwork_id",
        "SubNetwork_2_id",
        "MeContext_id",
        "ManagedElement_id",
        "vsDataEquipment_id",
        "vsDataSectorAntenna_id",
        "vsDataAntennaBranch_id",
        "branchName",
        "mechanicalAntennaTilt",
        "fqBandHighEdge",
        "antennaSupervisionThreshold",
        "fqBandLowEdge",
        "lowCurrentSupervision"
    FROM
    ericsson_bulkcm."vsDataAntennaBranch"
    
    """
    )

AntennaNearUnit = ReplaceableObject(
    'ericsson_cm_3g."AntennaNearUnit"',
    """
        
    SELECT 
        "FileName",
        "varDateTime",
        "configData_dnPrefix",
        "SubNetwork_id",
        "SubNetwork_2_id",
        "MeContext_id",
        "ManagedElement_id",
        "vsDataEquipment_id",
        "vsDataAntennaUnitGroup_id",
        "vsDataAntennaNearUnit_id",
        "rfPortRef",
        "serialNumber",
        "uniqueId",
        "productNumber",
        "iuantDeviceType",
        "onUnitUniqueId",
        "administrativeState",
        "anuType",
        "softwareVersion",
        "hardwareVersion"
    FROM
    ericsson_bulkcm."vsDataAntennaNearUnit"
    
    """
    )

AntennaSubunit = ReplaceableObject(
    'ericsson_cm_3g."AntennaSubunit"',
    """
        
    SELECT 
        "FileName",
        "varDateTime",
        "configData_dnPrefix",
        "SubNetwork_id",
        "SubNetwork_2_id",
        "MeContext_id",
        "ManagedElement_id",
        "vsDataEquipment_id",
        "vsDataAntennaUnitGroup_id",
        "vsDataAntennaUnit_id",
        "vsDataAntennaSubunit_id",
        "maxTotalTilt",
        "minTotalTilt",
        "retSubunitRef",
        "totalTilt",
        "azimuthHalfPowerBeamwidth",
        "commonChBeamfrmPortMap",
        "customComChBeamfrmWtsPhase",
        "customComChBeamfrmWtsAmplitude"
    FROM
    ericsson_bulkcm."vsDataAntennaSubunit"
    
    """
    )

AntennaUnit = ReplaceableObject(
    'ericsson_cm_3g."AntennaUnit"',
    """
        
    SELECT 
        "FileName",
        "varDateTime",
        "configData_dnPrefix",
        "SubNetwork_id",
        "SubNetwork_2_id",
        "MeContext_id",
        "ManagedElement_id",
        "vsDataEquipment_id",
        "vsDataAntennaUnitGroup_id",
        "vsDataAntennaUnit_id",
        "mechanicalAntennaTilt"
    FROM
    ericsson_bulkcm."vsDataAntennaUnit"
    
    """
    )

AntennaUnitGroup = ReplaceableObject(
    'ericsson_cm_3g."AntennaUnitGroup"',
    """
        
    SELECT 
        "FileName",
        "varDateTime",
        "configData_dnPrefix",
        "SubNetwork_id",
        "SubNetwork_2_id",
        "MeContext_id",
        "ManagedElement_id",
        "vsDataEquipment_id",
        "vsDataAntennaUnitGroup_id",
        "positionInformation",
        "positionRef"
    FROM
    ericsson_bulkcm."vsDataAntennaUnitGroup"
    
    """
    )

AntFeederCable = ReplaceableObject(
    'ericsson_cm_3g."AntFeederCable"',
    """
        
    SELECT 
        "FileName",
        "varDateTime",
        "configData_dnPrefix",
        "SubNetwork_id",
        "SubNetwork_2_id",
        "MeContext_id",
        "ManagedElement_id",
        "vsDataEquipment_id",
        "vsDataAntFeederCable_id",
        "ulAttenuation",
        "dlAttenuation",
        "electricalUlDelay",
        "electricalDlDelay",
        "antennaBranchRef",
        "connectedToObjectARef",
        "objectAConnector"
    FROM
    ericsson_bulkcm."vsDataAntFeederCable"
    
    """
    )

Areas = ReplaceableObject(
    'ericsson_cm_3g."Areas"',
    """
        
    SELECT 
        "FileName",
        "varDateTime",
        "configData_dnPrefix",
        "SubNetwork_id",
        "vsDataAreas_id"
    FROM
    ericsson_bulkcm."vsDataAreas"
    
    """
    )

ArpMap = ReplaceableObject(
    'ericsson_cm_3g."ArpMap"',
    """
        
    SELECT 
        "FileName",
        "varDateTime",
        "configData_dnPrefix",
        "SubNetwork_id",
        "SubNetwork_2_id",
        "MeContext_id",
        "ManagedElement_id",
        "RncFunction_id",
        "vsDataRabHandling_id",
        "vsDataArpQosClassProfile_id",
        "vsDataTrafficClass_id",
        "vsDataArpMap_id",
        "vsDataTrafficClassPsInt_id",
        "userLabel",
        "defaultArpQos_intPrio",
        "defaultArpQos_pci",
        "defaultArpQos_pvi",
        "externalArpMapping",
        "systemDefaultArpQos_intPrio",
        "systemDefaultArpQos_pci",
        "systemDefaultArpQos_pvi"
    FROM
    ericsson_bulkcm."vsDataArpMap"
    
    """
    )

ArpQosClassProfile = ReplaceableObject(
    'ericsson_cm_3g."ArpQosClassProfile"',
    """
        
    SELECT 
        "FileName",
        "varDateTime",
        "configData_dnPrefix",
        "SubNetwork_id",
        "SubNetwork_2_id",
        "MeContext_id",
        "ManagedElement_id",
        "RncFunction_id",
        "vsDataRabHandling_id",
        "vsDataArpQosClassProfile_id",
        "userLabel"
    FROM
    ericsson_bulkcm."vsDataArpQosClassProfile"
    
    """
    )

AtmConfService = ReplaceableObject(
    'ericsson_cm_3g."AtmConfService"',
    """
        
    SELECT 
        "FileName",
        "varDateTime",
        "configData_dnPrefix",
        "SubNetwork_id",
        "SubNetwork_2_id",
        "MeContext_id",
        "ManagedElement_id",
        "vsDataTransportNetwork_id",
        "vsDataAtmConfService_id",
        "userLabel"
    FROM
    ericsson_bulkcm."vsDataAtmConfService"
    
    """
    )

AtmPort = ReplaceableObject(
    'ericsson_cm_3g."AtmPort"',
    """
        
    SELECT 
        "FileName",
        "varDateTime",
        "configData_dnPrefix",
        "SubNetwork_id",
        "SubNetwork_2_id",
        "MeContext_id",
        "ManagedElement_id",
        "vsDataTransportNetwork_id",
        "vsDataAtmPort_id",
        "userLabel",
        "uses",
        "hecCorrectionMode",
        "loopbackDetection"
    FROM
    ericsson_bulkcm."vsDataAtmPort"
    
    """
    )

AtmTrafficDescriptor = ReplaceableObject(
    'ericsson_cm_3g."AtmTrafficDescriptor"',
    """
        
    SELECT 
        "FileName",
        "varDateTime",
        "configData_dnPrefix",
        "SubNetwork_id",
        "SubNetwork_2_id",
        "MeContext_id",
        "ManagedElement_id",
        "vsDataTransportNetwork_id",
        "vsDataAtmTrafficDescriptor_id",
        "egressAtmMcr",
        "egressAtmPcr",
        "egressAtmQos",
        "ingressAtmMcr",
        "ingressAtmPcr",
        "ingressAtmQos",
        "serviceCategory",
        "userLabel",
        "packetDiscard"
    FROM
    ericsson_bulkcm."vsDataAtmTrafficDescriptor"
    
    """
    )

AuPort = ReplaceableObject(
    'ericsson_cm_3g."AuPort"',
    """
        
    SELECT 
        "FileName",
        "varDateTime",
        "configData_dnPrefix",
        "SubNetwork_id",
        "SubNetwork_2_id",
        "MeContext_id",
        "ManagedElement_id",
        "vsDataEquipment_id",
        "vsDataAntennaUnitGroup_id",
        "vsDataAntennaUnit_id",
        "vsDataAntennaSubunit_id",
        "vsDataAuPort_id",
        "userLabel"
    FROM
    ericsson_bulkcm."vsDataAuPort"
    
    """
    )

AuthenticationOrder = ReplaceableObject(
    'ericsson_cm_3g."AuthenticationOrder"',
    """
        
    SELECT 
        "FileName",
        "varDateTime",
        "configData_dnPrefix",
        "SubNetwork_id",
        "SubNetwork_2_id",
        "MeContext_id",
        "ManagedElement_id",
        "vsDataSystemFunctions_id",
        "vsDataSecM_id",
        "vsDataUserManagement_id",
        "vsDataAuthenticationOrder_id",
        "authenticationMethodOrder_orderNumber",
        "authenticationMethodOrder_methodReference",
        "authenticationMethodOrder_userLabel",
        "userLabel"
    FROM
    ericsson_bulkcm."vsDataAuthenticationOrder"
    
    """
    )

AuthorizationOrder = ReplaceableObject(
    'ericsson_cm_3g."AuthorizationOrder"',
    """
        
    SELECT 
        "FileName",
        "varDateTime",
        "configData_dnPrefix",
        "SubNetwork_id",
        "SubNetwork_2_id",
        "MeContext_id",
        "ManagedElement_id",
        "vsDataSystemFunctions_id",
        "vsDataSecM_id",
        "vsDataUserManagement_id",
        "vsDataAuthorizationOrder_id",
        "authorizationMethodOrder_orderNumber",
        "authorizationMethodOrder_methodReference",
        "authorizationMethodOrder_userLabel",
        "userLabel"
    FROM
    ericsson_bulkcm."vsDataAuthorizationOrder"
    
    """
    )

AutoCellCapEstFunction = ReplaceableObject(
    'ericsson_cm_3g."AutoCellCapEstFunction"',
    """
        
    SELECT 
        "FileName",
        "varDateTime",
        "configData_dnPrefix",
        "SubNetwork_id",
        "SubNetwork_2_id",
        "MeContext_id",
        "ManagedElement_id",
        "vsDataENodeBFunction_id",
        "vsDataAutoCellCapEstFunction_id",
        "useEstimatedCellCap"
    FROM
    ericsson_bulkcm."vsDataAutoCellCapEstFunction"
    
    """
    )

AutonomousMode = ReplaceableObject(
    'ericsson_cm_3g."AutonomousMode"',
    """
        
    SELECT 
        "FileName",
        "varDateTime",
        "configData_dnPrefix",
        "SubNetwork_id",
        "SubNetwork_2_id",
        "MeContext_id",
        "ManagedElement_id",
        "vsDataSystemFunctions_id",
        "vsDataLm_id",
        "vsDataAutonomousMode_id",
        "expiration",
        "activationState"
    FROM
    ericsson_bulkcm."vsDataAutonomousMode"
    
    """
    )

AutoProvisioning = ReplaceableObject(
    'ericsson_cm_3g."AutoProvisioning"',
    """
        
    SELECT 
        "FileName",
        "varDateTime",
        "configData_dnPrefix",
        "SubNetwork_id",
        "SubNetwork_2_id",
        "MeContext_id",
        "ManagedElement_id",
        "vsDataNodeSupport_id",
        "vsDataAutoProvisioning_id",
        "rbsConfigLevel"
    FROM
    ericsson_bulkcm."vsDataAutoProvisioning"
    
    """
    )

AuxPlugInUnit = ReplaceableObject(
    'ericsson_cm_3g."AuxPlugInUnit"',
    """
        
    SELECT 
        "FileName",
        "varDateTime",
        "configData_dnPrefix",
        "SubNetwork_id",
        "SubNetwork_2_id",
        "MeContext_id",
        "ManagedElement_id",
        "vsDataEquipment_id",
        "vsDataAuxPlugInUnit_id",
        "vsDataSectorAntenna_id",
        "vsDataRbsSubrack_id",
        "vsDataRbsSlot_id",
        "administrativeState",
        "piuType",
        "position",
        "positionInformation",
        "positionRef",
        "productData_productionDate",
        "productData_productName",
        "productData_productNumber",
        "productData_productRevision",
        "productData_serialNumber",
        "unitType",
        "positionCoordinates_geoDatum",
        "positionCoordinates_altitude",
        "positionCoordinates_latitude",
        "positionCoordinates_longitude",
        "supportUnitRef",
        "uniqueHwId"
    FROM
    ericsson_bulkcm."vsDataAuxPlugInUnit"
    
    """
    )

BatteryBackup = ReplaceableObject(
    'ericsson_cm_3g."BatteryBackup"',
    """
        
    SELECT 
        "FileName",
        "varDateTime",
        "configData_dnPrefix",
        "SubNetwork_id",
        "SubNetwork_2_id",
        "MeContext_id",
        "ManagedElement_id",
        "vsDataEquipmentSupportFunction_id",
        "vsDataBatteryBackup_id",
        "batteryTestIsRunning",
        "batteryDisconnectTempCeaseOffset",
        "boostChargeTime",
        "boostChargeTriggerVoltage",
        "chargeMaxCurrent",
        "chargingMode",
        "equalizeChargeCyclicInterval",
        "equalizeChargeTime",
        "intermittentChargeConnectTime",
        "intermittentChargeConnectVoltage",
        "intermittentChargeDisconnectTime",
        "minimumBackupTime",
        "minimumStateOfHealth",
        "nominalTemp",
        "sharedBattery",
        "tempCompMaxVoltage",
        "tempCompMinVoltage",
        "tempCompVoltageSlope",
        "testMode",
        "testStartDay",
        "testStartMonths",
        "controlDomainRef",
        "extendedSoftwareControl",
        "floatChargeVoltage",
        "batteryDisconnectHighTemp",
        "elevatedChargeVoltage",
        "batteryDisconnectTemp",
        "batteryType",
        "chargingVoltage",
        "increasedChargeVoltage"
    FROM
    ericsson_bulkcm."vsDataBatteryBackup"
    
    """
    )

BbProcessingResource = ReplaceableObject(
    'ericsson_cm_3g."BbProcessingResource"',
    """
        
    SELECT 
        "FileName",
        "varDateTime",
        "configData_dnPrefix",
        "SubNetwork_id",
        "SubNetwork_2_id",
        "MeContext_id",
        "ManagedElement_id",
        "vsDataEquipment_id",
        "vsDataSubrack_id",
        "vsDataSlot_id",
        "vsDataPlugInUnit_id",
        "vsDataDeviceGroup_id",
        "vsDataBbProcessingResource_id",
        "vsDataFieldReplaceableUnit_id",
        "licCapDistr"
    FROM
    ericsson_bulkcm."vsDataBbProcessingResource"
    
    """
    )

BestNeighborSI = ReplaceableObject(
    'ericsson_cm_3g."BestNeighborSI"',
    """
        
    SELECT 
        "FileName",
        "varDateTime",
        "configData_dnPrefix",
        "SubNetwork_id",
        "SubNetwork_2_id",
        "MeContext_id",
        "ManagedElement_id",
        "vsDataSystemFunctions_id",
        "vsDataLicensing_id",
        "vsDataOptionalFeatures_id",
        "vsDataBestNeighborSI_id",
        "featureStateBestNeighborSI",
        "keyIdBestNeighborSI",
        "licenseStateBestNeighborSI",
        "serviceStateBestNeighborSI"
    FROM
    ericsson_bulkcm."vsDataBestNeighborSI"
    
    """
    )

BfdProfile = ReplaceableObject(
    'ericsson_cm_3g."BfdProfile"',
    """
        
    SELECT 
        "FileName",
        "varDateTime",
        "configData_dnPrefix",
        "SubNetwork_id",
        "SubNetwork_2_id",
        "MeContext_id",
        "ManagedElement_id",
        "vsDataIpSystem_id",
        "vsDataIpRouter_id",
        "vsDataBfdProfile_id",
        "detectionMultiplier",
        "desiredMinTxInterval",
        "requiredMinRxInterval",
        "userLabel"
    FROM
    ericsson_bulkcm."vsDataBfdProfile"
    
    """
    )

BoundaryOrdinaryClock = ReplaceableObject(
    'ericsson_cm_3g."BoundaryOrdinaryClock"',
    """
        
    SELECT 
        "FileName",
        "varDateTime",
        "configData_dnPrefix",
        "SubNetwork_id",
        "SubNetwork_2_id",
        "MeContext_id",
        "ManagedElement_id",
        "vsDataTransport_id",
        "vsDataPtp_id",
        "vsDataBoundaryOrdinaryClock_id",
        "clockType",
        "domainNumber",
        "priority2",
        "priority1",
        "ptpProfile",
        "clockStatus",
        "reservedBy"
    FROM
    ericsson_bulkcm."vsDataBoundaryOrdinaryClock"
    
    """
    )

Bridge = ReplaceableObject(
    'ericsson_cm_3g."Bridge"',
    """
        
    SELECT 
        "FileName",
        "varDateTime",
        "configData_dnPrefix",
        "SubNetwork_id",
        "SubNetwork_2_id",
        "MeContext_id",
        "ManagedElement_id",
        "vsDataSTN_id",
        "vsDataBridge_id",
        "vsDataTransport_id",
        "operationalState",
        "mac_address",
        "port",
        "availabilityStatus",
        "macAddress",
        "reservedBy"
    FROM
    ericsson_bulkcm."vsDataBridge"
    
    """
    )

BrM = ReplaceableObject(
    'ericsson_cm_3g."BrM"',
    """
        
    SELECT 
        "FileName",
        "varDateTime",
        "configData_dnPrefix",
        "SubNetwork_id",
        "SubNetwork_2_id",
        "MeContext_id",
        "ManagedElement_id",
        "vsDataSystemFunctions_id",
        "vsDataBrM_id",
        "exportPackageLabelPrefix"
    FROM
    ericsson_bulkcm."vsDataBrM"
    
    """
    )

BrmBackup = ReplaceableObject(
    'ericsson_cm_3g."BrmBackup"',
    """
        
    SELECT 
        "FileName",
        "varDateTime",
        "configData_dnPrefix",
        "SubNetwork_id",
        "SubNetwork_2_id",
        "MeContext_id",
        "ManagedElement_id",
        "vsDataSystemFunctions_id",
        "vsDataBrM_id",
        "vsDataBrmBackupManager_id",
        "vsDataBrmBackup_id",
        "actionInProgress",
        "backupName",
        "creationTime",
        "progressReport",
        "status",
        "createdBy",
        "creatorJobId",
        "creationType",
        "swVersion_productName",
        "swVersion_productNumber",
        "swVersion_productRevision",
        "swVersion_productionDate",
        "swVersion_description",
        "swVersion_xossx_type",
        "progressReport_actionName",
        "progressReport_progressInfo",
        "progressReport_progressPercentage",
        "progressReport_xossx_result",
        "progressReport_resultInfo",
        "progressReport_state",
        "progressReport_actionId",
        "progressReport_timeActionStarted",
        "progressReport_timeActionCompleted",
        "progressReport_timeOfLastStatusUpdate"
    FROM
    ericsson_bulkcm."vsDataBrmBackup"
    
    """
    )

BrmBackupHousekeeping = ReplaceableObject(
    'ericsson_cm_3g."BrmBackupHousekeeping"',
    """
        
    SELECT 
        "FileName",
        "varDateTime",
        "configData_dnPrefix",
        "SubNetwork_id",
        "SubNetwork_2_id",
        "MeContext_id",
        "ManagedElement_id",
        "vsDataSystemFunctions_id",
        "vsDataBrM_id",
        "vsDataBrmBackupManager_id",
        "vsDataBrmBackupHousekeeping_id",
        "autoDelete",
        "maxStoredManualBackups"
    FROM
    ericsson_bulkcm."vsDataBrmBackupHousekeeping"
    
    """
    )

BrmBackupLabelStore = ReplaceableObject(
    'ericsson_cm_3g."BrmBackupLabelStore"',
    """
        
    SELECT 
        "FileName",
        "varDateTime",
        "configData_dnPrefix",
        "SubNetwork_id",
        "SubNetwork_2_id",
        "MeContext_id",
        "ManagedElement_id",
        "vsDataSystemFunctions_id",
        "vsDataBrM_id",
        "vsDataBrmBackupManager_id",
        "vsDataBrmBackupLabelStore_id",
        "lastImportedBackup",
        "lastCreatedBackup",
        "lastExportedBackup",
        "restoreEscalationList",
        "lastRestoredBackup"
    FROM
    ericsson_bulkcm."vsDataBrmBackupLabelStore"
    
    """
    )

BrmBackupManager = ReplaceableObject(
    'ericsson_cm_3g."BrmBackupManager"',
    """
        
    SELECT 
        "FileName",
        "varDateTime",
        "configData_dnPrefix",
        "SubNetwork_id",
        "SubNetwork_2_id",
        "MeContext_id",
        "ManagedElement_id",
        "vsDataSystemFunctions_id",
        "vsDataBrM_id",
        "vsDataBrmBackupManager_id",
        "actionInProgress",
        "backupDomain",
        "backupType",
        "progressReport_actionName",
        "progressReport_progressInfo",
        "progressReport_progressPercentage",
        "progressReport_xossx_result",
        "progressReport_resultInfo",
        "progressReport_state",
        "progressReport_actionId",
        "progressReport_timeActionStarted",
        "progressReport_timeActionCompleted",
        "progressReport_timeOfLastStatusUpdate",
        "progressReport"
    FROM
    ericsson_bulkcm."vsDataBrmBackupManager"
    
    """
    )
